  Lab4.cpp
D:\C++\Lab4\Lab4\Lab4.cpp(10,5): error C4235: использовано нестандартное расширение: ключевое слово "__asm" данной архитектурой не поддерживается
D:\C++\Lab4\Lab4\Lab4.cpp(12,9): error C2065: lea: необъявленный идентификатор
D:\C++\Lab4\Lab4\Lab4.cpp(12,13): error C2146: синтаксическая ошибка: отсутствие ";" перед идентификатором "eax"
D:\C++\Lab4\Lab4\Lab4.cpp(12,13): error C2065: eax: необъявленный идентификатор
D:\C++\Lab4\Lab4\Lab4.cpp(13,9): error C2065: lea: необъявленный идентификатор
D:\C++\Lab4\Lab4\Lab4.cpp(13,13): error C2146: синтаксическая ошибка: отсутствие ";" перед идентификатором "ebx"
D:\C++\Lab4\Lab4\Lab4.cpp(13,13): error C2065: ebx: необъявленный идентификатор
D:\C++\Lab4\Lab4\Lab4.cpp(14,9): error C2065: mov: необъявленный идентификатор
D:\C++\Lab4\Lab4\Lab4.cpp(14,13): error C2146: синтаксическая ошибка: отсутствие ";" перед идентификатором "ecx"
D:\C++\Lab4\Lab4\Lab4.cpp(14,13): error C2065: ecx: необъявленный идентификатор
D:\C++\Lab4\Lab4\Lab4.cpp(15,9): error C2065: mov: необъявленный идентификатор
D:\C++\Lab4\Lab4\Lab4.cpp(15,13): error C2146: синтаксическая ошибка: отсутствие ";" перед идентификатором "esi"
D:\C++\Lab4\Lab4\Lab4.cpp(15,13): error C2065: esi: необъявленный идентификатор
D:\C++\Lab4\Lab4\Lab4.cpp(17,9): error C2065: mov: необъявленный идентификатор
D:\C++\Lab4\Lab4\Lab4.cpp(17,13): error C2146: синтаксическая ошибка: отсутствие ";" перед идентификатором "edx"
D:\C++\Lab4\Lab4\Lab4.cpp(17,13): error C2065: edx: необъявленный идентификатор
D:\C++\Lab4\Lab4\Lab4.cpp(18,9): error C2065: cmp: необъявленный идентификатор
D:\C++\Lab4\Lab4\Lab4.cpp(18,13): error C2146: синтаксическая ошибка: отсутствие ";" перед идентификатором "esi"
D:\C++\Lab4\Lab4\Lab4.cpp(18,13): error C2065: esi: необъявленный идентификатор
D:\C++\Lab4\Lab4\Lab4.cpp(19,9): error C2065: ja: необъявленный идентификатор
D:\C++\Lab4\Lab4\Lab4.cpp(19,12): error C2146: синтаксическая ошибка: отсутствие ";" перед идентификатором "end_1"
D:\C++\Lab4\Lab4\Lab4.cpp(19,12): error C2065: end_1: необъявленный идентификатор
D:\C++\Lab4\Lab4\Lab4.cpp(21,9): error C2065: cmp: необъявленный идентификатор
D:\C++\Lab4\Lab4\Lab4.cpp(21,13): error C2146: синтаксическая ошибка: отсутствие ";" перед идентификатором "edx"
D:\C++\Lab4\Lab4\Lab4.cpp(21,13): error C2065: edx: необъявленный идентификатор
D:\C++\Lab4\Lab4\Lab4.cpp(21,18): error C2065: ecx: необъявленный идентификатор
D:\C++\Lab4\Lab4\Lab4.cpp(22,9): error C2065: jbe: необъявленный идентификатор
D:\C++\Lab4\Lab4\Lab4.cpp(22,13): error C2146: синтаксическая ошибка: отсутствие ";" перед идентификатором "m2"
D:\C++\Lab4\Lab4\Lab4.cpp(22,13): error C2065: m2: необъявленный идентификатор
D:\C++\Lab4\Lab4\Lab4.cpp(23,9): error C2065: inc: необъявленный идентификатор
D:\C++\Lab4\Lab4\Lab4.cpp(23,13): error C2146: синтаксическая ошибка: отсутствие ";" перед идентификатором "esi"
D:\C++\Lab4\Lab4\Lab4.cpp(23,13): error C2065: esi: необъявленный идентификатор
D:\C++\Lab4\Lab4\Lab4.cpp(24,9): error C2065: jmp: необъявленный идентификатор
D:\C++\Lab4\Lab4\Lab4.cpp(24,13): error C2146: синтаксическая ошибка: отсутствие ";" перед идентификатором "begin"
D:\C++\Lab4\Lab4\Lab4.cpp(24,13): error C2065: begin: необъявленный идентификатор
D:\C++\Lab4\Lab4\Lab4.cpp(26,9): error C2065: cmp: необъявленный идентификатор
D:\C++\Lab4\Lab4\Lab4.cpp(26,13): error C2146: синтаксическая ошибка: отсутствие ";" перед идентификатором "esi"
D:\C++\Lab4\Lab4\Lab4.cpp(26,13): error C2065: esi: необъявленный идентификатор
D:\C++\Lab4\Lab4\Lab4.cpp(26,18): error C2065: edx: необъявленный идентификатор
D:\C++\Lab4\Lab4\Lab4.cpp(27,9): error C2065: jne: необъявленный идентификатор
D:\C++\Lab4\Lab4\Lab4.cpp(27,13): error C2146: синтаксическая ошибка: отсутствие ";" перед идентификатором "m1"
D:\C++\Lab4\Lab4\Lab4.cpp(27,13): error C2065: m1: необъявленный идентификатор
D:\C++\Lab4\Lab4\Lab4.cpp(28,9): error C2065: inc: необъявленный идентификатор
D:\C++\Lab4\Lab4\Lab4.cpp(28,13): error C2146: синтаксическая ошибка: отсутствие ";" перед идентификатором "count"
D:\C++\Lab4\Lab4\Lab4.cpp(29,9): error C2065: mov: необъявленный идентификатор
D:\C++\Lab4\Lab4\Lab4.cpp(29,13): error C2146: синтаксическая ошибка: отсутствие ";" перед идентификатором "c"
D:\C++\Lab4\Lab4\Lab4.cpp(29,16): error C2065: edx: необъявленный идентификатор
D:\C++\Lab4\Lab4\Lab4.cpp(30,9): error C2065: mov: необъявленный идентификатор
D:\C++\Lab4\Lab4\Lab4.cpp(30,13): error C2146: синтаксическая ошибка: отсутствие ";" перед идентификатором "edx"
D:\C++\Lab4\Lab4\Lab4.cpp(30,13): error C2065: edx: необъявленный идентификатор
D:\C++\Lab4\Lab4\Lab4.cpp(31,9): error C2065: mov: необъявленный идентификатор
D:\C++\Lab4\Lab4\Lab4.cpp(31,13): error C2146: синтаксическая ошибка: отсутствие ";" перед идентификатором "edi"
D:\C++\Lab4\Lab4\Lab4.cpp(31,13): error C2065: edi: необъявленный идентификатор
D:\C++\Lab4\Lab4\Lab4.cpp(31,23): error C2760: синтаксическая ошибка: непредвиденный элемент "+". Ожидается ","
D:\C++\Lab4\Lab4\Lab4.cpp(31,25): error C2065: esi: необъявленный идентификатор
D:\C++\Lab4\Lab4\Lab4.cpp(31,32): error C2059: синтаксическая ошибка: ]
D:\C++\Lab4\Lab4\Lab4.cpp(32,9): error C2065: mov: необъявленный идентификатор
D:\C++\Lab4\Lab4\Lab4.cpp(32,13): error C2065: ebx: необъявленный идентификатор
D:\C++\Lab4\Lab4\Lab4.cpp(32,19): error C2065: edx: необъявленный идентификатор
D:\C++\Lab4\Lab4\Lab4.cpp(32,29): error C2065: edi: необъявленный идентификатор
D:\C++\Lab4\Lab4\Lab4.cpp(33,9): error C2065: mov: необъявленный идентификатор
D:\C++\Lab4\Lab4\Lab4.cpp(33,13): error C2146: синтаксическая ошибка: отсутствие ";" перед идентификатором "edx"
D:\C++\Lab4\Lab4\Lab4.cpp(33,13): error C2065: edx: необъявленный идентификатор
D:\C++\Lab4\Lab4\Lab4.cpp(35,9): error C2065: mov: необъявленный идентификатор
D:\C++\Lab4\Lab4\Lab4.cpp(35,13): error C2146: синтаксическая ошибка: отсутствие ";" перед идентификатором "edi"
D:\C++\Lab4\Lab4\Lab4.cpp(35,13): error C2065: edi: необъявленный идентификатор
D:\C++\Lab4\Lab4\Lab4.cpp(35,23): error C2760: синтаксическая ошибка: непредвиденный элемент "+". Ожидается ","
D:\C++\Lab4\Lab4\Lab4.cpp(35,25): error C2065: edx: необъявленный идентификатор
D:\C++\Lab4\Lab4\Lab4.cpp(35,32): error C2059: синтаксическая ошибка: ]
D:\C++\Lab4\Lab4\Lab4.cpp(36,9): error C2065: cmp: необъявленный идентификатор
D:\C++\Lab4\Lab4\Lab4.cpp(36,13): error C2065: eax: необъявленный идентификатор
D:\C++\Lab4\Lab4\Lab4.cpp(36,19): error C2065: esi: необъявленный идентификатор
D:\C++\Lab4\Lab4\Lab4.cpp(36,29): error C2065: edi: необъявленный идентификатор
D:\C++\Lab4\Lab4\Lab4.cpp(37,9): error C2065: je: необъявленный идентификатор
D:\C++\Lab4\Lab4\Lab4.cpp(37,12): error C2146: синтаксическая ошибка: отсутствие ";" перед идентификатором "m3"
D:\C++\Lab4\Lab4\Lab4.cpp(37,12): error C2065: m3: необъявленный идентификатор
D:\C++\Lab4\Lab4\Lab4.cpp(38,9): error C2065: inc: необъявленный идентификатор
D:\C++\Lab4\Lab4\Lab4.cpp(38,13): error C2146: синтаксическая ошибка: отсутствие ";" перед идентификатором "edx"
D:\C++\Lab4\Lab4\Lab4.cpp(38,13): error C2065: edx: необъявленный идентификатор
D:\C++\Lab4\Lab4\Lab4.cpp(39,9): error C2065: jmp: необъявленный идентификатор
D:\C++\Lab4\Lab4\Lab4.cpp(39,13): error C2146: синтаксическая ошибка: отсутствие ";" перед идентификатором "beg"
D:\C++\Lab4\Lab4\Lab4.cpp(39,13): error C2065: beg: необъявленный идентификатор
D:\C++\Lab4\Lab4\Lab4.cpp(41,5): error C2059: синтаксическая ошибка: }
